0 info it worked if it ends with ok
1 verbose cli [ 'C:\\Program Files\\nodejs\\node.exe',
1 verbose cli   'C:\\Users\\Andrzej\\AppData\\Roaming\\npm\\node_modules\\npm\\bin\\npm-cli.js',
1 verbose cli   'run',
1 verbose cli   'prod' ]
2 info using npm@3.10.10
3 info using node@v9.5.0
4 verbose run-script [ 'preprod', 'prod', 'postprod' ]
5 info lifecycle tjournal@1.0.0~preprod: tjournal@1.0.0
6 silly lifecycle tjournal@1.0.0~preprod: no script for preprod, continuing
7 info lifecycle tjournal@1.0.0~prod: tjournal@1.0.0
8 verbose lifecycle tjournal@1.0.0~prod: unsafe-perm in lifecycle true
9 verbose lifecycle tjournal@1.0.0~prod: PATH: C:\Users\Andrzej\AppData\Roaming\npm\node_modules\npm\bin\node-gyp-bin;d:\projekty\traderDiary\tJournal\node_modules\.bin;C:\Program Files (x86)\Common Files\Oracle\Java\javapath;C:\Program Files (x86)\NVIDIA Corporation\PhysX\Common;C:\ProgramData\Oracle\Java\javapath;C:\WINDOWS\system32;C:\WINDOWS;C:\WINDOWS\System32\Wbem;C:\WINDOWS\System32\WindowsPowerShell\v1.0\;C:\Program Files\Git\cmd;C:\Program Files\MongoDB\Server\3.2\bin;C:\Program Files\OpenVPN\bin;C:\ProgramData\chocolatey\bin;C:\Program Files\nodejs\;C:\Users\Andrzej\AppData\Roaming\nvm;C:\Program Files\nodejs;C:\curl\bin;D:\programowanie\book\socialApp\node_modules\.bin;C:\Users\Andrzej\.dnx\bin;C:\Program Files\Microsoft DNX\Dnvm\;C:\Program Files\Microsoft SQL Server\130\Tools\Binn\;C:\Program Files\Microsoft\Web Platform Installer\;C:\Program Files\Microsoft SQL Server\120\Tools\Binn\;C:\Program Files (x86)\Microsoft ASP.NET\ASP.NET Web Pages\v1.0\;C:\Program Files\Microsoft SQL Server\110\Tools\Binn\;C:\Program Files (x86)\QuickTime\QTSystem\;C:\WINDOWS\System32\OpenSSH\;C:\Users\Andrzej\AppData\Local\Microsoft\WindowsApps;C:\Users\Andrzej\AppData\Local\atom\bin;C:\Users\Andrzej\AppData\Local\.meteor\;C:\Program Files (x86)\Microsoft VS Code\bin;C:\Users\Andrzej\AppData\Roaming\npm
10 verbose lifecycle tjournal@1.0.0~prod: CWD: d:\projekty\traderDiary\tJournal
11 silly lifecycle tjournal@1.0.0~prod: Args: [ '/d /s /c', 'npm run build && npm run start' ]
12 silly lifecycle tjournal@1.0.0~prod: Returned: code: 3221225786  signal: null
13 info lifecycle tjournal@1.0.0~prod: Failed to exec prod script
14 verbose stack Error: tjournal@1.0.0 prod: `npm run build && npm run start`
14 verbose stack Exit status 3221225786
14 verbose stack     at EventEmitter.<anonymous> (C:\Users\Andrzej\AppData\Roaming\npm\node_modules\npm\lib\utils\lifecycle.js:255:16)
14 verbose stack     at EventEmitter.emit (events.js:160:13)
14 verbose stack     at ChildProcess.<anonymous> (C:\Users\Andrzej\AppData\Roaming\npm\node_modules\npm\lib\utils\spawn.js:40:14)
14 verbose stack     at ChildProcess.emit (events.js:160:13)
14 verbose stack     at maybeClose (internal/child_process.js:943:16)
14 verbose stack     at Process.ChildProcess._handle.onexit (internal/child_process.js:220:5)
15 verbose pkgid tjournal@1.0.0
16 verbose cwd d:\projekty\traderDiary\tJournal
17 error Windows_NT 10.0.17134
18 error argv "C:\\Program Files\\nodejs\\node.exe" "C:\\Users\\Andrzej\\AppData\\Roaming\\npm\\node_modules\\npm\\bin\\npm-cli.js" "run" "prod"
19 error node v9.5.0
20 error npm  v3.10.10
21 error code ELIFECYCLE
22 error tjournal@1.0.0 prod: `npm run build && npm run start`
22 error Exit status 3221225786
23 error Failed at the tjournal@1.0.0 prod script 'npm run build && npm run start'.
23 error Make sure you have the latest version of node.js and npm installed.
23 error If you do, this is most likely a problem with the tjournal package,
23 error not with npm itself.
23 error Tell the author that this fails on your system:
23 error     npm run build && npm run start
23 error You can get information on how to open an issue for this project with:
23 error     npm bugs tjournal
23 error Or if that isn't available, you can get their info via:
23 error     npm owner ls tjournal
23 error There is likely additional logging output above.
24 verbose exit [ 1, true ]
